[02:13:29] [ServerMain/INFO]: Environment: authHost='https://authserver.mojang.com', accountsHost='https://api.mojang.com', sessionHost='https://sessionserver.mojang.com', servicesHost='https://api.minecraftservices.com', name='PROD'
[02:13:30] [Worker-Main-1/INFO]: Loaded 7 recipes
[02:13:31] [Server thread/INFO]: Starting minecraft server version 1.18.2
[02:13:31] [Server thread/INFO]: Loading properties
[02:13:31] [Server thread/INFO]: This server is running Paper version git-Paper-388 (MC: 1.18.2) (Implementing API version 1.18.2-R0.1-SNAPSHOT) (Git: fc9ee65 on ver/1.18.2)
[02:13:32] [Server thread/WARN]: Couldn't load server icon
java.lang.IllegalArgumentException: Must be 64 pixels wide
	at org.apache.commons.lang.Validate.isTrue(Validate.java:136) ~[commons-lang-2.6.jar:2.6]
	at org.bukkit.craftbukkit.v1_18_R2.CraftServer.loadServerIcon0(CraftServer.java:2309) ~[paper-1.18.2.jar:git-Paper-388]
	at org.bukkit.craftbukkit.v1_18_R2.CraftServer.loadServerIcon0(CraftServer.java:2297) ~[paper-1.18.2.jar:git-Paper-388]
	at org.bukkit.craftbukkit.v1_18_R2.CraftServer.loadIcon(CraftServer.java:1060) ~[paper-1.18.2.jar:git-Paper-388]
	at org.bukkit.craftbukkit.v1_18_R2.CraftServer.<init>(CraftServer.java:368) ~[paper-1.18.2.jar:git-Paper-388]
	at net.minecraft.server.players.PlayerList.<init>(PlayerList.java:160) ~[paper-1.18.2.jar:git-Paper-388]
	at net.minecraft.server.dedicated.DedicatedPlayerList.<init>(DedicatedPlayerList.java:15) ~[paper-1.18.2.jar:git-Paper-388]
	at net.minecraft.server.dedicated.DedicatedServer.initServer(DedicatedServer.java:215) ~[paper-1.18.2.jar:git-Paper-388]
	at net.minecraft.server.MinecraftServer.runServer(MinecraftServer.java:1164) ~[paper-1.18.2.jar:git-Paper-388]
	at net.minecraft.server.MinecraftServer.lambda$spin$0(MinecraftServer.java:316) ~[paper-1.18.2.jar:git-Paper-388]
	at java.lang.Thread.run(Thread.java:840) ~[?:?]
[02:13:32] [Server thread/INFO]: Server Ping Player Sample Count: 12
[02:13:32] [Server thread/INFO]: Using 4 threads for Netty based IO
[02:13:32] [Server thread/INFO]: Default game type: SURVIVAL
[02:13:32] [Server thread/INFO]: Generating keypair
[02:13:32] [Server thread/INFO]: Starting Minecraft server on *:25565
[02:13:32] [Server thread/INFO]: Using epoll channel type
[02:13:32] [Server thread/INFO]: Paper: Using libdeflate (Linux x86_64) compression from Velocity.
[02:13:32] [Server thread/INFO]: Paper: Using OpenSSL 1.1.x (Linux x86_64) cipher from Velocity.
[02:13:32] [Server thread/INFO]: Server permissions file permissions.yml is empty, ignoring it
[02:13:32] [Server thread/WARN]: **** SERVER IS RUNNING IN OFFLINE/INSECURE MODE!
[02:13:32] [Server thread/WARN]: The server will make no attempt to authenticate usernames. Beware.
[02:13:32] [Server thread/WARN]: While this makes the game possible to play without internet access, it also opens up the ability for hackers to connect with any username they choose.
[02:13:32] [Server thread/WARN]: To change this, set "online-mode" to "true" in the server.properties file.
[02:13:32] [Server thread/INFO]: Preparing level "world"
[02:13:36] [Server thread/INFO]: Preparing start region for dimension minecraft:overworld
[02:13:37] [Server thread/INFO]: Time elapsed: 350 ms
[02:13:37] [Server thread/INFO]: Preparing start region for dimension minecraft:the_nether
[02:13:37] [Server thread/INFO]: Time elapsed: 171 ms
[02:13:37] [Server thread/INFO]: Preparing start region for dimension minecraft:the_end
[02:13:37] [Server thread/INFO]: Time elapsed: 235 ms
[02:13:37] [Server thread/ERROR]: Couldn't load server icon
java.lang.IllegalStateException: Must be 64 pixels wide
	at org.apache.commons.lang3.Validate.validState(Validate.java:816) ~[commons-lang3-3.12.0.jar:3.12.0]
	at net.minecraft.server.MinecraftServer.lambda$updateStatusIcon$9(MinecraftServer.java:1414) ~[paper-1.18.2.jar:git-Paper-388]
	at java.util.Optional.ifPresent(Optional.java:178) ~[?:?]
	at net.minecraft.server.MinecraftServer.updateStatusIcon(MinecraftServer.java:1410) ~[paper-1.18.2.jar:git-Paper-388]
	at net.minecraft.server.MinecraftServer.runServer(MinecraftServer.java:1168) ~[paper-1.18.2.jar:git-Paper-388]
	at net.minecraft.server.MinecraftServer.lambda$spin$0(MinecraftServer.java:316) ~[paper-1.18.2.jar:git-Paper-388]
	at java.lang.Thread.run(Thread.java:840) ~[?:?]
[02:13:37] [Server thread/INFO]: Running delayed init tasks
[02:13:37] [Server thread/INFO]: Done (5.694s)! For help, type "help"
[02:13:37] [Server thread/INFO]: Timings Reset
[02:15:12] [User Authenticator #1/INFO]: UUID of player frannx777 is b3738911-51d1-3ace-b99a-c3e63a872f9f
[02:15:12] [Server thread/INFO]: frannx777 joined the game
[02:15:12] [Server thread/INFO]: frannx777[/127.108.102.90:50895] logged in with entity id 292 at ([world]-22.55741986871845, 165.7712645217288, -13.010070918004862)
[02:15:20] [Server thread/INFO]: frannx777 issued server command: /plugins
[02:16:05] [Server thread/INFO]: frannx777 lost connection: Timed out
[02:16:05] [Server thread/INFO]: frannx777 left the game
